# JRE version: Java(TM) SE Runtime Environment (25.0.1+8) (build 25.0.1+8-LTS-27)
# Java VM: Java HotSpot(TM) 64-Bit Server VM (25.0.1+8-LTS-27, mixed mode, sharing, tiered, compressed oops, compressed class ptrs, parallel gc, linux-amd64)
GC Precious Log:
 CardTable entry size: 512
 CPUs: 20 total, 20 available
 Memory: 15718M
 Large Page Support: Disabled
 NUMA Support: Disabled
 Compressed Oops: Enabled (32-bit)
 Alignments: Space 512K, Generation 512K, Heap 2M
 Heap Min Capacity: 100M
 Heap Initial Capacity: 100M
 Heap Max Capacity: 2G
 Pre-touch: Disabled
 Parallel Workers: 15
Heap:
 PSYoungGen      total 32256K, used 24818K [0x00000000d5580000, 0x00000000d7700000, 0x0000000100000000)
  eden space 31232K, 77% used [0x00000000d5580000,0x00000000d6d14b70,0x00000000d7400000)
  from space 1024K, 65% used [0x00000000d7600000,0x00000000d76a8000,0x00000000d7700000)
  to   space 1536K, 0% used [0x00000000d7400000,0x00000000d7400000,0x00000000d7580000)
 ParOldGen       total 198144K, used 197847K [0x0000000080000000, 0x000000008c180000, 0x00000000d5580000)
  object space 198144K, 99% used [0x0000000080000000,0x000000008c135e28,0x000000008c180000)
GC Heap Usage History (20 events):
Event: 1235.674 {heap Before GC invocations=104 (full 3):
 PSYoungGen      total 32256K, used 31437K [0x00000000d5580000, 0x00000000d7680000, 0x0000000100000000)
  eden space 30720K, 99% used [0x00000000d5580000,0x00000000d7373690,0x00000000d7380000)
  from space 1536K, 50% used [0x00000000d7500000,0x00000000d75c0000,0x00000000d7680000)
  to   space 1536K, 0% used [0x00000000d7380000,0x00000000d7380000,0x00000000d7500000)
 ParOldGen       total 186880K, used 186556K [0x0000000080000000, 0x000000008b680000, 0x00000000d5580Event: 1235.676 {heap After GC invocations=104 (full 3):
 PSYoungGen      total 31744K, used 1534K [0x00000000d5580000, 0x00000000d7700000, 0x0000000100000000)
  eden space 30208K, 0% used [0x00000000d5580000,0x00000000d5580000,0x00000000d7300000)
  from space 1536K, 99% used [0x00000000d7380000,0x00000000d74ffb50,0x00000000d7500000)
  to   space 2048K, 0% used [0x00000000d7500000,0x00000000d7500000,0x00000000d7700000)
 ParOldGen       total 187392K, used 187084K [0x0000000080000000, 0x000000008b700000, 0x00000000d5580000Event: 1243.412 {heap Before GC invocations=105 (full 3):
 PSYoungGen      total 31744K, used 31742K [0x00000000d5580000, 0x00000000d7700000, 0x0000000100000000)
  eden space 30208K, 100% used [0x00000000d5580000,0x00000000d7300000,0x00000000d7300000)
  from space 1536K, 99% used [0x00000000d7380000,0x00000000d74ffb50,0x00000000d7500000)
  to   space 2048K, 0% used [0x00000000d7500000,0x00000000d7500000,0x00000000d7700000)
 ParOldGen       total 187392K, used 187084K [0x0000000080000000, 0x000000008b700000, 0x00000000d558Event: 1243.416 {heap After GC invocations=105 (full 3):
 PSYoungGen      total 27648K, used 2047K [0x00000000d5580000, 0x00000000d7f80000, 0x0000000100000000)
  eden space 25600K, 0% used [0x00000000d5580000,0x00000000d5580000,0x00000000d6e80000)
  from space 2048K, 99% used [0x00000000d7500000,0x00000000d76ffe68,0x00000000d7700000)
  to   space 6656K, 0% used [0x00000000d6e80000,0x00000000d6e80000,0x00000000d7500000)
 ParOldGen       total 190976K, used 190486K [0x0000000080000000, 0x000000008ba80000, 0x00000000d5580000Event: 1248.169 {heap Before GC invocations=106 (full 3):
 PSYoungGen      total 27648K, used 27647K [0x00000000d5580000, 0x00000000d7f80000, 0x0000000100000000)
  eden space 25600K, 100% used [0x00000000d5580000,0x00000000d6e80000,0x00000000d6e80000)
  from space 2048K, 99% used [0x00000000d7500000,0x00000000d76ffe68,0x00000000d7700000)
  to   space 6656K, 0% used [0x00000000d6e80000,0x00000000d6e80000,0x00000000d7500000)
 ParOldGen       total 190976K, used 190486K [0x0000000080000000, 0x000000008ba80000, 0x00000000d558Event: 1248.171 {heap After GC invocations=106 (full 3):
 PSYoungGen      total 27648K, used 1556K [0x00000000d5580000, 0x00000000d7680000, 0x0000000100000000)
  eden space 25600K, 0% used [0x00000000d5580000,0x00000000d5580000,0x00000000d6e80000)
  from space 2048K, 76% used [0x00000000d6e80000,0x00000000d7005240,0x00000000d7080000)
  to   space 3072K, 0% used [0x00000000d7380000,0x00000000d7380000,0x00000000d7680000)
 ParOldGen       total 190976K, used 190798K [0x0000000080000000, 0x000000008ba80000, 0x00000000d5580000Event: 1248.678 {heap Before GC invocations=107 (full 3):
 PSYoungGen      total 27648K, used 27156K [0x00000000d5580000, 0x00000000d7680000, 0x0000000100000000)
  eden space 25600K, 100% used [0x00000000d5580000,0x00000000d6e80000,0x00000000d6e80000)
  from space 2048K, 76% used [0x00000000d6e80000,0x00000000d7005240,0x00000000d7080000)
  to   space 3072K, 0% used [0x00000000d7380000,0x00000000d7380000,0x00000000d7680000)
 ParOldGen       total 190976K, used 190798K [0x0000000080000000, 0x000000008ba80000, 0x00000000d558Event: 1248.681 {heap After GC invocations=107 (full 3):
 PSYoungGen      total 31232K, used 2084K [0x00000000d5580000, 0x00000000d7680000, 0x0000000100000000)
  eden space 28160K, 0% used [0x00000000d5580000,0x00000000d5580000,0x00000000d7100000)
  from space 3072K, 67% used [0x00000000d7380000,0x00000000d7589230,0x00000000d7680000)
  to   space 2560K, 0% used [0x00000000d7100000,0x00000000d7100000,0x00000000d7380000)
 ParOldGen       total 192512K, used 192150K [0x0000000080000000, 0x000000008bc00000, 0x00000000d5580000Event: 1250.604 {heap Before GC invocations=108 (full 3):
 PSYoungGen      total 31232K, used 29531K [0x00000000d5580000, 0x00000000d7680000, 0x0000000100000000)
  eden space 28160K, 97% used [0x00000000d5580000,0x00000000d704dab8,0x00000000d7100000)
  from space 3072K, 67% used [0x00000000d7380000,0x00000000d7589230,0x00000000d7680000)
  to   space 2560K, 0% used [0x00000000d7100000,0x00000000d7100000,0x00000000d7380000)
 ParOldGen       total 192512K, used 192150K [0x0000000080000000, 0x000000008bc00000, 0x00000000d5580Event: 1250.607 {heap After GC invocations=108 (full 3):
 PSYoungGen      total 30720K, used 660K [0x00000000d5580000, 0x00000000d7680000, 0x0000000100000000)
  eden space 28160K, 0% used [0x00000000d5580000,0x00000000d5580000,0x00000000d7100000)
  from space 2560K, 25% used [0x00000000d7100000,0x00000000d71a5220,0x00000000d7380000)
  to   space 1536K, 0% used [0x00000000d7500000,0x00000000d7500000,0x00000000d7680000)
 ParOldGen       total 194048K, used 194035K [0x0000000080000000, 0x000000008bd80000, 0x00000000d5580000)Event: 1250.665 {heap Before GC invocations=109 (full 3):
 PSYoungGen      total 30720K, used 28820K [0x00000000d5580000, 0x00000000d7680000, 0x0000000100000000)
  eden space 28160K, 100% used [0x00000000d5580000,0x00000000d7100000,0x00000000d7100000)
  from space 2560K, 25% used [0x00000000d7100000,0x00000000d71a5220,0x00000000d7380000)
  to   space 1536K, 0% used [0x00000000d7500000,0x00000000d7500000,0x00000000d7680000)
 ParOldGen       total 194048K, used 194035K [0x0000000080000000, 0x000000008bd80000, 0x00000000d558Event: 1250.667 {heap After GC invocations=109 (full 3):
 PSYoungGen      total 32256K, used 1012K [0x00000000d5580000, 0x00000000d7680000, 0x0000000100000000)
  eden space 30720K, 0% used [0x00000000d5580000,0x00000000d5580000,0x00000000d7380000)
  from space 1536K, 65% used [0x00000000d7500000,0x00000000d75fd200,0x00000000d7680000)
  to   space 1536K, 0% used [0x00000000d7380000,0x00000000d7380000,0x00000000d7500000)
 ParOldGen       total 194560K, used 194305K [0x0000000080000000, 0x000000008be00000, 0x00000000d5580000Event: 1250.752 {heap Before GC invocations=110 (full 3):
 PSYoungGen      total 32256K, used 31732K [0x00000000d5580000, 0x00000000d7680000, 0x0000000100000000)
  eden space 30720K, 100% used [0x00000000d5580000,0x00000000d7380000,0x00000000d7380000)
  from space 1536K, 65% used [0x00000000d7500000,0x00000000d75fd200,0x00000000d7680000)
  to   space 1536K, 0% used [0x00000000d7380000,0x00000000d7380000,0x00000000d7500000)
 ParOldGen       total 194560K, used 194305K [0x0000000080000000, 0x000000008be00000, 0x00000000d558Event: 1250.754 {heap After GC invocations=110 (full 3):
 PSYoungGen      total 32256K, used 538K [0x00000000d5580000, 0x00000000d7680000, 0x0000000100000000)
  eden space 30720K, 0% used [0x00000000d5580000,0x00000000d5580000,0x00000000d7380000)
  from space 1536K, 35% used [0x00000000d7380000,0x00000000d7406920,0x00000000d7500000)
  to   space 1024K, 0% used [0x00000000d7580000,0x00000000d7580000,0x00000000d7680000)
 ParOldGen       total 194560K, used 194353K [0x0000000080000000, 0x000000008be00000, 0x00000000d5580000)Event: 1262.135 {heap Before GC invocations=111 (full 3):
 PSYoungGen      total 32256K, used 31258K [0x00000000d5580000, 0x00000000d7680000, 0x0000000100000000)
  eden space 30720K, 100% used [0x00000000d5580000,0x00000000d7380000,0x00000000d7380000)
  from space 1536K, 35% used [0x00000000d7380000,0x00000000d7406920,0x00000000d7500000)
  to   space 1024K, 0% used [0x00000000d7580000,0x00000000d7580000,0x00000000d7680000)
 ParOldGen       total 194560K, used 194353K [0x0000000080000000, 0x000000008be00000, 0x00000000d558Event: 1262.137 {heap After GC invocations=111 (full 3):
 PSYoungGen      total 31232K, used 1012K [0x00000000d5580000, 0x00000000d7700000, 0x0000000100000000)
  eden space 30208K, 0% used [0x00000000d5580000,0x00000000d5580000,0x00000000d7300000)
  from space 1024K, 98% used [0x00000000d7580000,0x00000000d767d260,0x00000000d7680000)
  to   space 2048K, 0% used [0x00000000d7300000,0x00000000d7300000,0x00000000d7500000)
 ParOldGen       total 195584K, used 195087K [0x0000000080000000, 0x000000008bf00000, 0x00000000d5580000Event: 1320.022 {heap Before GC invocations=112 (full 3):
 PSYoungGen      total 31232K, used 31220K [0x00000000d5580000, 0x00000000d7700000, 0x0000000100000000)
  eden space 30208K, 100% used [0x00000000d5580000,0x00000000d7300000,0x00000000d7300000)
  from space 1024K, 98% used [0x00000000d7580000,0x00000000d767d260,0x00000000d7680000)
  to   space 2048K, 0% used [0x00000000d7300000,0x00000000d7300000,0x00000000d7500000)
 ParOldGen       total 195584K, used 195087K [0x0000000080000000, 0x000000008bf00000, 0x00000000d558Event: 1320.025 {heap After GC invocations=112 (full 3):
 PSYoungGen      total 31744K, used 2020K [0x00000000d5580000, 0x00000000d7980000, 0x0000000100000000)
  eden space 29696K, 0% used [0x00000000d5580000,0x00000000d5580000,0x00000000d7280000)
  from space 2048K, 98% used [0x00000000d7300000,0x00000000d74f9230,0x00000000d7500000)
  to   space 3584K, 0% used [0x00000000d7600000,0x00000000d7600000,0x00000000d7980000)
 ParOldGen       total 196096K, used 195984K [0x0000000080000000, 0x000000008bf80000, 0x00000000d5580000Event: 1740.096 {heap Before GC invocations=113 (full 3):
 PSYoungGen      total 31744K, used 31716K [0x00000000d5580000, 0x00000000d7980000, 0x0000000100000000)
  eden space 29696K, 100% used [0x00000000d5580000,0x00000000d7280000,0x00000000d7280000)
  from space 2048K, 98% used [0x00000000d7300000,0x00000000d74f9230,0x00000000d7500000)
  to   space 3584K, 0% used [0x00000000d7600000,0x00000000d7600000,0x00000000d7980000)
 ParOldGen       total 196096K, used 195984K [0x0000000080000000, 0x000000008bf80000, 0x00000000d558Event: 1740.098 {heap After GC invocations=113 (full 3):
 PSYoungGen      total 32256K, used 672K [0x00000000d5580000, 0x00000000d7700000, 0x0000000100000000)
  eden space 31232K, 0% used [0x00000000d5580000,0x00000000d5580000,0x00000000d7400000)
  from space 1024K, 65% used [0x00000000d7600000,0x00000000d76a8000,0x00000000d7700000)
  to   space 1536K, 0% used [0x00000000d7400000,0x00000000d7400000,0x00000000d7580000)
 ParOldGen       total 198144K, used 197847K [0x0000000080000000, 0x000000008c180000, 0x00000000d5580000)
Metaspace Usage History (20 events):
Event: 1235.674 {metaspace Before GC invocations=104 (full 3):
 Metaspace       used 80177K, committed 81536K, reserved 1179648K
  class space    used 7018K, committed 7680K, reserved 1048576K
}
Event: 1235.676 {metaspace After GC invocations=104 (full 3):
 Metaspace       used 80177K, committed 81536K, reserved 1179648K
  class space    used 7018K, committed 7680K, reserved 1048576K
}
Event: 1243.412 {metaspace Before GC invocations=105 (full 3):
 Metaspace       used 80211K, committed 81600K, reserved 1179648K
  class space    used 7018K, committed 7680K, reserved 1048576K
}
Event: 1243.416 {metaspace After GC invocations=105 (full 3):
 Metaspace       used 80211K, committed 81600K, reserved 1179648K
  class space    used 7018K, committed 7680K, reserved 1048576K
}
Event: 1248.169 {metaspace Before GC invocations=106 (full 3):
 Metaspace       used 80943K, committed 82368K, reserved 1179648K
  class space    used 7079K, committed 7744K, reserved 1048576K
}
Event: 1248.171 {metaspace After GC invocations=106 (full 3):
 Metaspace       used 80943K, committed 82368K, reserved 1179648K
  class space    used 7079K, committed 7744K, reserved 1048576K
}
Event: 1248.678 {metaspace Before GC invocations=107 (full 3):
 Metaspace       used 81107K, committed 82432K, reserved 1179648K
  class space    used 7087K, committed 7744K, reserved 1048576K
}
Event: 1248.681 {metaspace After GC invocations=107 (full 3):
 Metaspace       used 81107K, committed 82432K, reserved 1179648K
  class space    used 7087K, committed 7744K, reserved 1048576K
}
Event: 1250.604 {metaspace Before GC invocations=108 (full 3):
 Metaspace       used 81135K, committed 82496K, reserved 1179648K
  class space    used 7088K, committed 7744K, reserved 1048576K
}
Event: 1250.607 {metaspace After GC invocations=108 (full 3):
 Metaspace       used 81135K, committed 82496K, reserved 1179648K
  class space    used 7088K, committed 7744K, reserved 1048576K
}
Event: 1250.665 {metaspace Before GC invocations=109 (full 3):
 Metaspace       used 81143K, committed 82496K, reserved 1179648K
  class space    used 7088K, committed 7744K, reserved 1048576K
}
Event: 1250.667 {metaspace After GC invocations=109 (full 3):
 Metaspace       used 81143K, committed 82496K, reserved 1179648K
  class space    used 7088K, committed 7744K, reserved 1048576K
}
Event: 1250.752 {metaspace Before GC invocations=110 (full 3):
 Metaspace       used 81217K, committed 82560K, reserved 1179648K
  class space    used 7088K, committed 7744K, reserved 1048576K
}
Event: 1250.754 {metaspace After GC invocations=110 (full 3):
 Metaspace       used 81217K, committed 82560K, reserved 1179648K
  class space    used 7088K, committed 7744K, reserved 1048576K
}
Event: 1262.135 {metaspace Before GC invocations=111 (full 3):
 Metaspace       used 81572K, committed 82944K, reserved 1179648K
  class space    used 7117K, committed 7744K, reserved 1048576K
}
Event: 1262.137 {metaspace After GC invocations=111 (full 3):
 Metaspace       used 81572K, committed 82944K, reserved 1179648K
  class space    used 7117K, committed 7744K, reserved 1048576K
}
Event: 1320.022 {metaspace Before GC invocations=112 (full 3):
 Metaspace       used 81961K, committed 83328K, reserved 1179648K
  class space    used 7171K, committed 7808K, reserved 1048576K
}
Event: 1320.025 {metaspace After GC invocations=112 (full 3):
 Metaspace       used 81961K, committed 83328K, reserved 1179648K
  class space    used 7171K, committed 7808K, reserved 1048576K
}
Event: 1740.096 {metaspace Before GC invocations=113 (full 3):
 Metaspace       used 82410K, committed 83904K, reserved 1179648K
  class space    used 7245K, committed 7936K, reserved 1048576K
}
Event: 1740.098 {metaspace After GC invocations=113 (full 3):
 Metaspace       used 82410K, committed 83904K, reserved 1179648K
  class space    used 7245K, committed 7936K, reserved 1048576K
}

